  Button.cpp
  Game.cpp
  Grid.cpp
c:\users\smart\desktop\snake\piano_thing\grid.cpp(61): warning C4244: '*=': conversion from 'double' to 'int', possible loss of data
c:\users\smart\desktop\snake\piano_thing\grid.cpp(62): warning C4244: '*=': conversion from 'double' to 'int', possible loss of data
  Input.cpp
  Menu.cpp
c:\users\smart\desktop\snake\piano_thing\menu.cpp(27): warning C4018: '<': signed/unsigned mismatch
c:\users\smart\desktop\snake\piano_thing\menu.cpp(46): warning C4018: '<': signed/unsigned mismatch
c:\users\smart\desktop\snake\piano_thing\menu.cpp(70): warning C4018: '<': signed/unsigned mismatch
  SceneManager.cpp
  Snek.cpp
  Text.cpp
c:\users\smart\desktop\snake\piano_thing\text.cpp(25): warning C4244: '*=': conversion from 'double' to 'int', possible loss of data
c:\users\smart\desktop\snake\piano_thing\text.cpp(26): warning C4244: '*=': conversion from 'double' to 'int', possible loss of data
  TextureManager.cpp
  Wall.cpp
  fruit.cpp
  main.cpp
  piece.cpp
  Generating code
  51 of 539 functions ( 9.5%) were compiled, the rest were copied from previous compilation.
    2 functions were new in current compilation
    6 functions had inline decision re-evaluated but remain unchanged
  Finished generating code
  Piano_Thing.vcxproj -> C:\Users\smart\Desktop\Snake\Release\Snake.exe
