  stdafx.cpp
  Button.cpp
  fruit.cpp
  Game.cpp
  Grid.cpp
C:\Users\smart\Desktop\Coding\Finished Projects\Snek\SnakeSourceCode\Piano_Thing\Grid.cpp(61,19): warning C4244:  '*=': conversion from 'double' to 'int', possible loss of data
  Input.cpp
  main.cpp
  Menu.cpp
  piece.cpp
  SceneManager.cpp
  Snek.cpp
C:\Users\smart\Desktop\Coding\Finished Projects\Snek\SnakeSourceCode\Piano_Thing\Grid.cpp(62,19): warning C4244:  '*=': conversion from 'double' to 'int', possible loss of data
  Text.cpp
C:\Users\smart\Desktop\Coding\Finished Projects\Snek\SnakeSourceCode\Piano_Thing\Snek.cpp(91,42): warning C4267:  'initializing': conversion from 'size_t' to 'unsigned int', possible loss of data
C:\Users\smart\Desktop\Coding\Finished Projects\Snek\SnakeSourceCode\Piano_Thing\Text.cpp(25,17): warning C4244:  '*=': conversion from 'double' to 'int', possible loss of data
  TextureManager.cpp
  Wall.cpp
  Generating Code...
C:\Users\smart\Desktop\Coding\Finished Projects\Snek\SnakeSourceCode\Piano_Thing\Text.cpp(26,17): warning C4244:  '*=': conversion from 'double' to 'int', possible loss of data
Button.obj : error LNK2019: unresolved external symbol SDL_QueryTexture referenced in function "public: void __cdecl Button::init(void)" (?init@Button@@QEAAXXZ)
Grid.obj : error LNK2001: unresolved external symbol SDL_QueryTexture
Text.obj : error LNK2001: unresolved external symbol SDL_QueryTexture
Button.obj : error LNK2019: unresolved external symbol SDL_RenderDrawRect referenced in function "public: void __cdecl Button::renderHitbox(void)" (?renderHitbox@Button@@QEAAXXZ)
Grid.obj : error LNK2001: unresolved external symbol SDL_RenderDrawRect
Menu.obj : error LNK2001: unresolved external symbol SDL_RenderDrawRect
Button.obj : error LNK2019: unresolved external symbol SDL_RenderFillRect referenced in function "public: void __cdecl Button::render(void)" (?render@Button@@QEAAXXZ)
fruit.obj : error LNK2019: unresolved external symbol SDL_RenderCopyEx referenced in function "public: void __cdecl fruit::render(void)" (?render@fruit@@QEAAXXZ)
piece.obj : error LNK2001: unresolved external symbol SDL_RenderCopyEx
Game.obj : error LNK2019: unresolved external symbol SDL_CreateRGBSurfaceFrom referenced in function "void __cdecl SetSDLIcon(struct SDL_Window *)" (?SetSDLIcon@@YAXPEAUSDL_Window@@@Z)
Game.obj : error LNK2019: unresolved external symbol SDL_FreeSurface referenced in function "void __cdecl SetSDLIcon(struct SDL_Window *)" (?SetSDLIcon@@YAXPEAUSDL_Window@@@Z)
TextureManager.obj : error LNK2001: unresolved external symbol SDL_FreeSurface
Game.obj : error LNK2019: unresolved external symbol SDL_CreateWindow referenced in function "public: void __cdecl Game::init(char const *,int,int,int,int,bool)" (?init@Game@@QEAAXPEBDHHHH_N@Z)
Game.obj : error LNK2019: unresolved external symbol SDL_SetWindowTitle referenced in function "void __cdecl init_(void)" (?init_@@YAXXZ)
Game.obj : error LNK2019: unresolved external symbol SDL_SetWindowIcon referenced in function "void __cdecl SetSDLIcon(struct SDL_Window *)" (?SetSDLIcon@@YAXPEAUSDL_Window@@@Z)
Game.obj : error LNK2019: unresolved external symbol SDL_DestroyWindow referenced in function "public: void __cdecl Game::clean(void)" (?clean@Game@@QEAAXXZ)
Game.obj : error LNK2019: unresolved external symbol SDL_PollEvent referenced in function "public: void __cdecl Game::handleEvents(void)" (?handleEvents@Game@@QEAAXXZ)
Game.obj : error LNK2019: unresolved external symbol SDL_CreateRenderer referenced in function "public: void __cdecl Game::init(char const *,int,int,int,int,bool)" (?init@Game@@QEAAXPEBDHHHH_N@Z)
Game.obj : error LNK2019: unresolved external symbol SDL_SetRenderDrawColor referenced in function "public: void __cdecl Game::init(char const *,int,int,int,int,bool)" (?init@Game@@QEAAXPEBDHHHH_N@Z)
Grid.obj : error LNK2001: unresolved external symbol SDL_SetRenderDrawColor
Menu.obj : error LNK2001: unresolved external symbol SDL_SetRenderDrawColor
Game.obj : error LNK2019: unresolved external symbol SDL_RenderClear referenced in function "public: void __cdecl Game::render(void)" (?render@Game@@QEAAXXZ)
Game.obj : error LNK2019: unresolved external symbol SDL_RenderPresent referenced in function "public: void __cdecl Game::render(void)" (?render@Game@@QEAAXXZ)
Game.obj : error LNK2019: unresolved external symbol SDL_DestroyRenderer referenced in function "public: void __cdecl Game::clean(void)" (?clean@Game@@QEAAXXZ)
Game.obj : error LNK2019: unresolved external symbol SDL_Init referenced in function "public: void __cdecl Game::init(char const *,int,int,int,int,bool)" (?init@Game@@QEAAXPEBDHHHH_N@Z)
Game.obj : error LNK2019: unresolved external symbol SDL_Quit referenced in function "public: void __cdecl Game::clean(void)" (?clean@Game@@QEAAXXZ)
Game.obj : error LNK2019: unresolved external symbol TTF_Init referenced in function "public: void __cdecl Game::init(char const *,int,int,int,int,bool)" (?init@Game@@QEAAXPEBDHHHH_N@Z)
Grid.obj : error LNK2019: unresolved external symbol SDL_DestroyTexture referenced in function "public: void __cdecl Grid::clean(void)" (?clean@Grid@@QEAAXXZ)
Menu.obj : error LNK2001: unresolved external symbol SDL_DestroyTexture
Grid.obj : error LNK2019: unresolved external symbol TTF_OpenFont referenced in function "public: void __cdecl Grid::init(void)" (?init@Grid@@QEAAXXZ)
Menu.obj : error LNK2001: unresolved external symbol TTF_OpenFont
Grid.obj : error LNK2019: unresolved external symbol TTF_CloseFont referenced in function "public: void __cdecl Grid::clean(void)" (?clean@Grid@@QEAAXXZ)
Menu.obj : error LNK2001: unresolved external symbol TTF_CloseFont
Input.obj : error LNK2019: unresolved external symbol SDL_GetKeyboardState referenced in function "public: bool __cdecl Input::pressed(void)" (?pressed@Input@@QEAA_NXZ)
Input.obj : error LNK2019: unresolved external symbol SDL_GetMouseState referenced in function "public: void __cdecl Input::update(void)" (?update@Input@@QEAAXXZ)
main.obj : error LNK2019: unresolved external symbol SDL_GetTicks referenced in function SDL_main
Snek.obj : error LNK2001: unresolved external symbol SDL_GetTicks
main.obj : error LNK2019: unresolved external symbol SDL_Delay referenced in function SDL_main
Menu.obj : error LNK2019: unresolved external symbol SDL_SetTextureAlphaMod referenced in function "public: void __cdecl Menu::init(void)" (?init@Menu@@QEAAXXZ)
TextureManager.obj : error LNK2019: unresolved external symbol SDL_CreateTextureFromSurface referenced in function "public: static struct SDL_Texture * __cdecl TextureManager::LoadText(char const *,struct SDL_Color,struct _TTF_Font *)" (?LoadText@TextureManager@@SAPEAUSDL_Texture@@PEBDUSDL_Color@@PEAU_TTF_Font@@@Z)
TextureManager.obj : error LNK2019: unresolved external symbol SDL_RenderCopy referenced in function "public: static void __cdecl TextureManager::DrawTexture(struct SDL_Texture *)" (?DrawTexture@TextureManager@@SAXPEAUSDL_Texture@@@Z)
TextureManager.obj : error LNK2019: unresolved external symbol IMG_Load referenced in function "public: static struct SDL_Texture * __cdecl TextureManager::LoadTexture(char const *)" (?LoadTexture@TextureManager@@SAPEAUSDL_Texture@@PEBD@Z)
TextureManager.obj : error LNK2019: unresolved external symbol TTF_RenderText_Solid referenced in function "public: static struct SDL_Texture * __cdecl TextureManager::LoadText(char const *,struct SDL_Color,struct _TTF_Font *)" (?LoadText@TextureManager@@SAPEAUSDL_Texture@@PEBDUSDL_Color@@PEAU_TTF_Font@@@Z)
MSVCRTD.lib(exe_main.obj) : error LNK2019: unresolved external symbol main referenced in function "int __cdecl invoke_main(void)" (?invoke_main@@YAHXZ)
C:\Dev]\SDL_FULL\x86\SDL2main.lib : warning LNK4272: library machine type 'x86' conflicts with target machine type 'x64'
C:\Dev]\SDL_FULL\x86\SDL2.lib : warning LNK4272: library machine type 'x86' conflicts with target machine type 'x64'
C:\Dev]\SDL_FULL\x86\SDL2_image.lib : warning LNK4272: library machine type 'x86' conflicts with target machine type 'x64'
C:\Users\smart\Desktop\Coding\Finished Projects\Snek\SnakeSourceCode\x64\Debug\Snake.exe : fatal error LNK1120: 32 unresolved externals
