C:\Program Files (x86)\Microsoft Visual Studio\2019\Community\MSBuild\Microsoft\VC\v160\Microsoft.CppBuild.targets(452,5): warning MSB8028: The intermediate directory (Debug\) contains files shared from another project (FlappyBird.vcxproj, Piano_Thing.vcxproj).  This can lead to incorrect clean and rebuild behavior.
  stdafx.cpp
  Button.cpp
  fruit.cpp
  Game.cpp
  Grid.cpp
C:\Users\smart\Desktop\Coding\Finished Projects\Snek\SnakeSourceCode\Piano_Thing\Grid.cpp(61,19): warning C4244:  '*=': conversion from 'double' to 'int', possible loss of data
  Input.cpp
  main.cpp
  Menu.cpp
C:\Users\smart\Desktop\Coding\Finished Projects\Snek\SnakeSourceCode\Piano_Thing\Grid.cpp(62,19): warning C4244:  '*=': conversion from 'double' to 'int', possible loss of data
C:\Users\smart\Desktop\Coding\Finished Projects\Snek\SnakeSourceCode\Piano_Thing\Menu.cpp(27,26): warning C4018:  '<': signed/unsigned mismatch
C:\Users\smart\Desktop\Coding\Finished Projects\Snek\SnakeSourceCode\Piano_Thing\Menu.cpp(46,26): warning C4018:  '<': signed/unsigned mismatch
  piece.cpp
  SceneManager.cpp
  Snek.cpp
  Text.cpp
C:\Users\smart\Desktop\Coding\Finished Projects\Snek\SnakeSourceCode\Piano_Thing\Menu.cpp(70,20): warning C4018:  '<': signed/unsigned mismatch
C:\Users\smart\Desktop\Coding\Finished Projects\Snek\SnakeSourceCode\Piano_Thing\Text.cpp(25,17): warning C4244:  '*=': conversion from 'double' to 'int', possible loss of data
  TextureManager.cpp
  Wall.cpp
  Generating Code...
C:\Users\smart\Desktop\Coding\Finished Projects\Snek\SnakeSourceCode\Piano_Thing\Text.cpp(26,17): warning C4244:  '*=': conversion from 'double' to 'int', possible loss of data
  Piano_Thing.vcxproj -> C:\Users\smart\Desktop\Coding\Finished Projects\Snek\SnakeSourceCode\Debug\Snake.exe
